<?xml version="1.0" encoding="UTF-8"?>
<!-- Generated by org.testng.reporters.JUnitReportReporter -->
<testsuite skipped="0" hostname="DESKTOP-U1IGLB1" name="MavenProj.MavenJava.RESTAPITest" tests="2" failures="0" timestamp="2021-11-26T17:15:04 IST" time="0.015" errors="0">
  <testcase name="RestApiTest" time="0.014" classname="MavenProj.MavenJava.RESTAPITest"/>
  <testcase name="restTesting" time="0.001" classname="MavenProj.MavenJava.RESTAPITest"/>
</testsuite> <!-- MavenProj.MavenJava.RESTAPITest -->
