<?xml version="1.0" encoding="UTF-8"?>
<!-- Generated by org.testng.reporters.JUnitReportReporter -->
<testsuite skipped="0" hostname="DESKTOP-U1IGLB1" name="MavenProj.MavenJava.SeleniumTest" tests="2" failures="0" timestamp="2021-11-26T17:15:04 IST" time="0.000" errors="0">
  <testcase name="elementsUi" time="0.000" classname="MavenProj.MavenJava.SeleniumTest"/>
  <testcase name="BrowserAutomation" time="0.000" classname="MavenProj.MavenJava.SeleniumTest"/>
</testsuite> <!-- MavenProj.MavenJava.SeleniumTest -->
