<?xml version="1.0" encoding="UTF-8"?>
<!-- Generated by org.testng.reporters.JUnitReportReporter -->
<testsuite skipped="0" hostname="DESKTOP-U1IGLB1" name="MavenProj.MavenJava.AppiumTest" tests="2" failures="0" timestamp="2021-11-26T17:14:29 IST" time="0.000" errors="0">
  <testcase name="iosTest" time="0.000" classname="MavenProj.MavenJava.AppiumTest"/>
  <testcase name="mobileTest" time="0.000" classname="MavenProj.MavenJava.AppiumTest"/>
</testsuite> <!-- MavenProj.MavenJava.AppiumTest -->
